<?xml version="1.0" encoding="UTF-8"?>
<!-- Generated by org.testng.reporters.JUnitReportReporter -->
<testsuite hostname="DESKTOP-8KMDSOO" failures="0" tests="1" name="LoginAutomation" time="6.359" errors="0" timestamp="2022-10-09T14:35:54 IST" skipped="0">
  <testcase classname="LoginAutomation" name="login" time="6.359"/>
</testsuite> <!-- LoginAutomation -->
